2024-12-15 19:52:43,992:CRITICAL:bot: No token found in the environment variables, please ensure that you have a .env file in the root directory of the project with a TOKEN variable
2024-12-15 19:53:21,352:CRITICAL:bot: No token found in the environment variables, please ensure that you have a .env file in the root directory of the project with a TOKEN variable
2024-12-15 21:23:27,028:INFO:bot: We have logged in as FeinTTS#5221
2024-12-15 21:25:46,381:INFO:bot: We have logged in as FeinTTS#5221
2024-12-15 21:29:26,181:INFO:bot: We have logged in as FeinTTS#5221
2024-12-15 21:30:16,888:INFO:bot: We have logged in as FeinTTS#5221
2024-12-15 21:36:07,323:INFO:bot: We have logged in as FeinTTS#5221
2024-12-16 01:39:03,615:INFO:bot: We have logged in as FeinTTS#5221
2024-12-16 01:44:31,537:INFO:bot: We have logged in as FeinTTS#5221
2024-12-16 01:45:38,273:INFO:bot: We have logged in as FeinTTS#5221
2024-12-16 01:50:32,719:INFO:bot: We have logged in as FeinTTS#5221
2024-12-16 01:53:21,858:INFO:bot: We have logged in as FeinTTS#5221
2024-12-16 01:53:47,853:INFO:bot: Changes detected, reloading 1 cogs
2024-12-16 01:55:40,838:INFO:bot: Changes detected, reloading 1 cogs
2024-12-16 01:58:19,334:INFO:bot: Changes detected, reloading 1 cogs
2024-12-16 01:58:42,276:INFO:bot: We have logged in as FeinTTS#5221
2024-12-16 02:03:29,706:INFO:bot: Changes detected, loading 1 new cogs
2024-12-16 02:03:29,708:WARNING:bot: Failed to load cogs.commands.tts: Extension 'cogs.commands.tts' has no 'setup' function.
2024-12-16 02:05:29,889:INFO:bot: Changes detected, reloading 1 cogs
2024-12-16 02:05:29,890:WARNING:bot: Failed to reload cogs.commands.tts: Extension 'cogs.commands.tts' has not been loaded.
2024-12-16 02:13:03,071:INFO:bot: Changes detected, reloading 1 cogs
2024-12-16 02:14:52,110:INFO:bot: Changes detected, reloading 1 cogs
2024-12-16 02:14:52,111:WARNING:bot: Failed to reload cogs.commands.tts: Extension 'cogs.commands.tts' has not been loaded.
2024-12-16 02:14:59,183:INFO:bot: Changes detected, reloading 1 cogs
2024-12-16 02:15:54,696:INFO:bot: Changes detected, reloading 1 cogs
2024-12-16 02:15:54,714:WARNING:bot: Failed to reload cogs.commands.channel: Extension 'cogs.commands.channel' raised an error: TypeError: SlashApplicationCommand.subcommand() got an unexpected keyword argument 'guild_ids'
2024-12-16 02:15:59,728:INFO:bot: Changes detected, reloading 1 cogs
2024-12-16 02:15:59,729:WARNING:bot: Failed to reload cogs.commands.tts: Extension 'cogs.commands.tts' has not been loaded.
2024-12-16 02:16:26,991:INFO:bot: Changes detected, reloading 1 cogs
2024-12-16 02:16:26,992:WARNING:bot: Failed to reload cogs.commands.tts: Extension 'cogs.commands.tts' has not been loaded.
2024-12-16 02:17:32,625:INFO:bot: Changes detected, reloading 1 cogs
2024-12-16 02:17:32,626:WARNING:bot: Failed to reload cogs.commands.tts: Extension 'cogs.commands.tts' has not been loaded.
2024-12-16 02:19:33,804:INFO:bot: Changes detected, reloading 1 cogs
2024-12-16 02:19:33,805:WARNING:bot: Failed to reload cogs.commands.tts: Extension 'cogs.commands.tts' has not been loaded.
2024-12-16 02:19:43,065:ERROR:bot: Extension 'cogs.commands.tts' raised an error: ModuleNotFoundError: No module named 'channel'
2024-12-16 02:19:43,066:ERROR:bot: Traceback (most recent call last):
  File "C:\Users\perei\AppData\Local\Packages\PythonSoftwareFoundation.Python.3.10_qbz5n2kfra8p0\LocalCache\local-packages\Python310\site-packages\nextcord\ext\commands\bot.py", line 740, in _load_from_module_spec
    spec.loader.exec_module(lib)  # type: ignore
  File "<frozen importlib._bootstrap_external>", line 883, in exec_module
  File "<frozen importlib._bootstrap>", line 241, in _call_with_frames_removed
  File "D:\Development\Projects\tts-bot\discord-bot\src\cogs\commands\tts.py", line 4, in <module>
    from channel import *
ModuleNotFoundError: No module named 'channel'

The above exception was the direct cause of the following exception:

Traceback (most recent call last):
  File "D:\Development\Projects\tts-bot\discord-bot\src\main.py", line 33, in main
    bot.load_extension(cog)
  File "C:\Users\perei\AppData\Local\Packages\PythonSoftwareFoundation.Python.3.10_qbz5n2kfra8p0\LocalCache\local-packages\Python310\site-packages\nextcord\ext\commands\bot.py", line 862, in load_extension
    self._load_from_module_spec(spec, name, extras=extras)
  File "C:\Users\perei\AppData\Local\Packages\PythonSoftwareFoundation.Python.3.10_qbz5n2kfra8p0\LocalCache\local-packages\Python310\site-packages\nextcord\ext\commands\bot.py", line 743, in _load_from_module_spec
    raise errors.ExtensionFailed(key, e) from e
nextcord.ext.commands.errors.ExtensionFailed: Extension 'cogs.commands.tts' raised an error: ModuleNotFoundError: No module named 'channel'

2024-12-16 02:19:43,075:ERROR:bot: Extension 'cogs.commands.channel' raised an error: TypeError: SlashApplicationCommand.subcommand() got an unexpected keyword argument 'guild_ids'
2024-12-16 02:19:43,076:ERROR:bot: Traceback (most recent call last):
  File "C:\Users\perei\AppData\Local\Packages\PythonSoftwareFoundation.Python.3.10_qbz5n2kfra8p0\LocalCache\local-packages\Python310\site-packages\nextcord\ext\commands\bot.py", line 740, in _load_from_module_spec
    spec.loader.exec_module(lib)  # type: ignore
  File "<frozen importlib._bootstrap_external>", line 883, in exec_module
  File "<frozen importlib._bootstrap>", line 241, in _call_with_frames_removed
  File "D:\Development\Projects\tts-bot\discord-bot\src\cogs\commands\channel.py", line 7, in <module>
    class ChannelCommands(Cog):
  File "D:\Development\Projects\tts-bot\discord-bot\src\cogs\commands\channel.py", line 20, in ChannelCommands
    @channel.subcommand(name="disconnect", description="Disconnect from the voice channel", guild_ids=GUILD_IDS)
TypeError: SlashApplicationCommand.subcommand() got an unexpected keyword argument 'guild_ids'

The above exception was the direct cause of the following exception:

Traceback (most recent call last):
  File "D:\Development\Projects\tts-bot\discord-bot\src\main.py", line 33, in main
    bot.load_extension(cog)
  File "C:\Users\perei\AppData\Local\Packages\PythonSoftwareFoundation.Python.3.10_qbz5n2kfra8p0\LocalCache\local-packages\Python310\site-packages\nextcord\ext\commands\bot.py", line 862, in load_extension
    self._load_from_module_spec(spec, name, extras=extras)
  File "C:\Users\perei\AppData\Local\Packages\PythonSoftwareFoundation.Python.3.10_qbz5n2kfra8p0\LocalCache\local-packages\Python310\site-packages\nextcord\ext\commands\bot.py", line 743, in _load_from_module_spec
    raise errors.ExtensionFailed(key, e) from e
nextcord.ext.commands.errors.ExtensionFailed: Extension 'cogs.commands.channel' raised an error: TypeError: SlashApplicationCommand.subcommand() got an unexpected keyword argument 'guild_ids'

2024-12-16 02:19:45,985:INFO:bot: We have logged in as FeinTTS#5221
2024-12-16 02:21:15,618:ERROR:bot: Extension 'cogs.commands.channel' raised an error: TypeError: SlashApplicationCommand.subcommand() got an unexpected keyword argument 'guild_ids'
2024-12-16 02:21:15,619:ERROR:bot: Traceback (most recent call last):
  File "C:\Users\perei\AppData\Local\Packages\PythonSoftwareFoundation.Python.3.10_qbz5n2kfra8p0\LocalCache\local-packages\Python310\site-packages\nextcord\ext\commands\bot.py", line 740, in _load_from_module_spec
    spec.loader.exec_module(lib)  # type: ignore
  File "<frozen importlib._bootstrap_external>", line 883, in exec_module
  File "<frozen importlib._bootstrap>", line 241, in _call_with_frames_removed
  File "D:\Development\Projects\tts-bot\discord-bot\src\cogs\commands\channel.py", line 7, in <module>
    class ChannelCommands(Cog):
  File "D:\Development\Projects\tts-bot\discord-bot\src\cogs\commands\channel.py", line 20, in ChannelCommands
    @channel.subcommand(name="disconnect", description="Disconnect from the voice channel", guild_ids=GUILD_IDS)
TypeError: SlashApplicationCommand.subcommand() got an unexpected keyword argument 'guild_ids'

The above exception was the direct cause of the following exception:

Traceback (most recent call last):
  File "D:\Development\Projects\tts-bot\discord-bot\src\main.py", line 33, in main
    bot.load_extension(cog)
  File "C:\Users\perei\AppData\Local\Packages\PythonSoftwareFoundation.Python.3.10_qbz5n2kfra8p0\LocalCache\local-packages\Python310\site-packages\nextcord\ext\commands\bot.py", line 862, in load_extension
    self._load_from_module_spec(spec, name, extras=extras)
  File "C:\Users\perei\AppData\Local\Packages\PythonSoftwareFoundation.Python.3.10_qbz5n2kfra8p0\LocalCache\local-packages\Python310\site-packages\nextcord\ext\commands\bot.py", line 743, in _load_from_module_spec
    raise errors.ExtensionFailed(key, e) from e
nextcord.ext.commands.errors.ExtensionFailed: Extension 'cogs.commands.channel' raised an error: TypeError: SlashApplicationCommand.subcommand() got an unexpected keyword argument 'guild_ids'

2024-12-16 02:21:15,626:ERROR:bot: Extension 'cogs.commands.tts' raised an error: ModuleNotFoundError: No module named 'channel'
2024-12-16 02:21:15,626:ERROR:bot: Traceback (most recent call last):
  File "C:\Users\perei\AppData\Local\Packages\PythonSoftwareFoundation.Python.3.10_qbz5n2kfra8p0\LocalCache\local-packages\Python310\site-packages\nextcord\ext\commands\bot.py", line 740, in _load_from_module_spec
    spec.loader.exec_module(lib)  # type: ignore
  File "<frozen importlib._bootstrap_external>", line 883, in exec_module
  File "<frozen importlib._bootstrap>", line 241, in _call_with_frames_removed
  File "D:\Development\Projects\tts-bot\discord-bot\src\cogs\commands\tts.py", line 4, in <module>
    from channel import *
ModuleNotFoundError: No module named 'channel'

The above exception was the direct cause of the following exception:

Traceback (most recent call last):
  File "D:\Development\Projects\tts-bot\discord-bot\src\main.py", line 33, in main
    bot.load_extension(cog)
  File "C:\Users\perei\AppData\Local\Packages\PythonSoftwareFoundation.Python.3.10_qbz5n2kfra8p0\LocalCache\local-packages\Python310\site-packages\nextcord\ext\commands\bot.py", line 862, in load_extension
    self._load_from_module_spec(spec, name, extras=extras)
  File "C:\Users\perei\AppData\Local\Packages\PythonSoftwareFoundation.Python.3.10_qbz5n2kfra8p0\LocalCache\local-packages\Python310\site-packages\nextcord\ext\commands\bot.py", line 743, in _load_from_module_spec
    raise errors.ExtensionFailed(key, e) from e
nextcord.ext.commands.errors.ExtensionFailed: Extension 'cogs.commands.tts' raised an error: ModuleNotFoundError: No module named 'channel'

2024-12-16 02:21:18,497:INFO:bot: We have logged in as FeinTTS#5221
2024-12-16 02:21:39,438:INFO:bot: Changes detected, reloading 1 cogs
2024-12-16 02:21:39,439:WARNING:bot: Failed to reload cogs.commands.tts: Extension 'cogs.commands.tts' has not been loaded.
2024-12-16 02:21:42,426:ERROR:bot: Extension 'cogs.commands.tts' raised an error: ModuleNotFoundError: No module named 'channel'
2024-12-16 02:21:42,427:ERROR:bot: Traceback (most recent call last):
  File "C:\Users\perei\AppData\Local\Packages\PythonSoftwareFoundation.Python.3.10_qbz5n2kfra8p0\LocalCache\local-packages\Python310\site-packages\nextcord\ext\commands\bot.py", line 740, in _load_from_module_spec
    spec.loader.exec_module(lib)  # type: ignore
  File "<frozen importlib._bootstrap_external>", line 883, in exec_module
  File "<frozen importlib._bootstrap>", line 241, in _call_with_frames_removed
  File "D:\Development\Projects\tts-bot\discord-bot\src\cogs\commands\tts.py", line 4, in <module>
    from channel import *
ModuleNotFoundError: No module named 'channel'

The above exception was the direct cause of the following exception:

Traceback (most recent call last):
  File "D:\Development\Projects\tts-bot\discord-bot\src\main.py", line 33, in main
    bot.load_extension(cog)
  File "C:\Users\perei\AppData\Local\Packages\PythonSoftwareFoundation.Python.3.10_qbz5n2kfra8p0\LocalCache\local-packages\Python310\site-packages\nextcord\ext\commands\bot.py", line 862, in load_extension
    self._load_from_module_spec(spec, name, extras=extras)
  File "C:\Users\perei\AppData\Local\Packages\PythonSoftwareFoundation.Python.3.10_qbz5n2kfra8p0\LocalCache\local-packages\Python310\site-packages\nextcord\ext\commands\bot.py", line 743, in _load_from_module_spec
    raise errors.ExtensionFailed(key, e) from e
nextcord.ext.commands.errors.ExtensionFailed: Extension 'cogs.commands.tts' raised an error: ModuleNotFoundError: No module named 'channel'

2024-12-16 02:21:42,431:ERROR:bot: Extension 'cogs.commands.channel' raised an error: TypeError: SlashApplicationCommand.subcommand() got an unexpected keyword argument 'guild_ids'
2024-12-16 02:21:42,431:ERROR:bot: Traceback (most recent call last):
  File "C:\Users\perei\AppData\Local\Packages\PythonSoftwareFoundation.Python.3.10_qbz5n2kfra8p0\LocalCache\local-packages\Python310\site-packages\nextcord\ext\commands\bot.py", line 740, in _load_from_module_spec
    spec.loader.exec_module(lib)  # type: ignore
  File "<frozen importlib._bootstrap_external>", line 883, in exec_module
  File "<frozen importlib._bootstrap>", line 241, in _call_with_frames_removed
  File "D:\Development\Projects\tts-bot\discord-bot\src\cogs\commands\channel.py", line 7, in <module>
    class ChannelCommands(Cog):
  File "D:\Development\Projects\tts-bot\discord-bot\src\cogs\commands\channel.py", line 20, in ChannelCommands
    @channel.subcommand(name="disconnect", description="Disconnect from the voice channel", guild_ids=GUILD_IDS)
TypeError: SlashApplicationCommand.subcommand() got an unexpected keyword argument 'guild_ids'

The above exception was the direct cause of the following exception:

Traceback (most recent call last):
  File "D:\Development\Projects\tts-bot\discord-bot\src\main.py", line 33, in main
    bot.load_extension(cog)
  File "C:\Users\perei\AppData\Local\Packages\PythonSoftwareFoundation.Python.3.10_qbz5n2kfra8p0\LocalCache\local-packages\Python310\site-packages\nextcord\ext\commands\bot.py", line 862, in load_extension
    self._load_from_module_spec(spec, name, extras=extras)
  File "C:\Users\perei\AppData\Local\Packages\PythonSoftwareFoundation.Python.3.10_qbz5n2kfra8p0\LocalCache\local-packages\Python310\site-packages\nextcord\ext\commands\bot.py", line 743, in _load_from_module_spec
    raise errors.ExtensionFailed(key, e) from e
nextcord.ext.commands.errors.ExtensionFailed: Extension 'cogs.commands.channel' raised an error: TypeError: SlashApplicationCommand.subcommand() got an unexpected keyword argument 'guild_ids'

2024-12-16 02:21:45,408:INFO:bot: We have logged in as FeinTTS#5221
2024-12-16 02:22:17,400:INFO:bot: Changes detected, reloading 1 cogs
2024-12-16 02:22:17,401:WARNING:bot: Failed to reload cogs.commands.tts: Extension 'cogs.commands.tts' has not been loaded.
2024-12-16 02:24:33,774:INFO:bot: Changes detected, reloading 1 cogs
2024-12-16 02:24:33,775:WARNING:bot: Failed to reload cogs.commands.tts: Extension 'cogs.commands.tts' has not been loaded.
2024-12-16 02:24:42,872:INFO:bot: Changes detected, reloading 1 cogs
2024-12-16 02:24:42,872:WARNING:bot: Failed to reload cogs.commands.tts: Extension 'cogs.commands.tts' has not been loaded.
2024-12-16 02:24:45,737:ERROR:bot: Extension 'cogs.commands.channel' raised an error: TypeError: SlashApplicationCommand.subcommand() got an unexpected keyword argument 'guild_ids'
2024-12-16 02:24:45,738:ERROR:bot: Traceback (most recent call last):
  File "C:\Users\perei\AppData\Local\Packages\PythonSoftwareFoundation.Python.3.10_qbz5n2kfra8p0\LocalCache\local-packages\Python310\site-packages\nextcord\ext\commands\bot.py", line 740, in _load_from_module_spec
    spec.loader.exec_module(lib)  # type: ignore
  File "<frozen importlib._bootstrap_external>", line 883, in exec_module
  File "<frozen importlib._bootstrap>", line 241, in _call_with_frames_removed
  File "D:\Development\Projects\tts-bot\discord-bot\src\cogs\commands\channel.py", line 7, in <module>
    class ChannelCommands(Cog):
  File "D:\Development\Projects\tts-bot\discord-bot\src\cogs\commands\channel.py", line 20, in ChannelCommands
    @channel.subcommand(name="disconnect", description="Disconnect from the voice channel", guild_ids=GUILD_IDS)
TypeError: SlashApplicationCommand.subcommand() got an unexpected keyword argument 'guild_ids'

The above exception was the direct cause of the following exception:

Traceback (most recent call last):
  File "D:\Development\Projects\tts-bot\discord-bot\src\main.py", line 33, in main
    bot.load_extension(cog)
  File "C:\Users\perei\AppData\Local\Packages\PythonSoftwareFoundation.Python.3.10_qbz5n2kfra8p0\LocalCache\local-packages\Python310\site-packages\nextcord\ext\commands\bot.py", line 862, in load_extension
    self._load_from_module_spec(spec, name, extras=extras)
  File "C:\Users\perei\AppData\Local\Packages\PythonSoftwareFoundation.Python.3.10_qbz5n2kfra8p0\LocalCache\local-packages\Python310\site-packages\nextcord\ext\commands\bot.py", line 743, in _load_from_module_spec
    raise errors.ExtensionFailed(key, e) from e
nextcord.ext.commands.errors.ExtensionFailed: Extension 'cogs.commands.channel' raised an error: TypeError: SlashApplicationCommand.subcommand() got an unexpected keyword argument 'guild_ids'

2024-12-16 02:24:45,751:ERROR:bot: Extension 'cogs.commands.tts' raised an error: ModuleNotFoundError: No module named 'channel'
2024-12-16 02:24:45,752:ERROR:bot: Traceback (most recent call last):
  File "C:\Users\perei\AppData\Local\Packages\PythonSoftwareFoundation.Python.3.10_qbz5n2kfra8p0\LocalCache\local-packages\Python310\site-packages\nextcord\ext\commands\bot.py", line 740, in _load_from_module_spec
    spec.loader.exec_module(lib)  # type: ignore
  File "<frozen importlib._bootstrap_external>", line 883, in exec_module
  File "<frozen importlib._bootstrap>", line 241, in _call_with_frames_removed
  File "D:\Development\Projects\tts-bot\discord-bot\src\cogs\commands\tts.py", line 4, in <module>
    from channel import *
ModuleNotFoundError: No module named 'channel'

The above exception was the direct cause of the following exception:

Traceback (most recent call last):
  File "D:\Development\Projects\tts-bot\discord-bot\src\main.py", line 33, in main
    bot.load_extension(cog)
  File "C:\Users\perei\AppData\Local\Packages\PythonSoftwareFoundation.Python.3.10_qbz5n2kfra8p0\LocalCache\local-packages\Python310\site-packages\nextcord\ext\commands\bot.py", line 862, in load_extension
    self._load_from_module_spec(spec, name, extras=extras)
  File "C:\Users\perei\AppData\Local\Packages\PythonSoftwareFoundation.Python.3.10_qbz5n2kfra8p0\LocalCache\local-packages\Python310\site-packages\nextcord\ext\commands\bot.py", line 743, in _load_from_module_spec
    raise errors.ExtensionFailed(key, e) from e
nextcord.ext.commands.errors.ExtensionFailed: Extension 'cogs.commands.tts' raised an error: ModuleNotFoundError: No module named 'channel'

2024-12-16 02:24:49,796:INFO:bot: We have logged in as FeinTTS#5221
2024-12-16 02:25:38,951:INFO:bot: Changes detected, reloading 1 cogs
2024-12-16 02:25:38,951:WARNING:bot: Failed to reload cogs.commands.tts: Extension 'cogs.commands.tts' has not been loaded.
2024-12-16 02:25:42,213:ERROR:bot: Extension 'cogs.commands.channel' raised an error: TypeError: SlashApplicationCommand.subcommand() got an unexpected keyword argument 'guild_ids'
2024-12-16 02:25:42,214:ERROR:bot: Traceback (most recent call last):
  File "C:\Users\perei\AppData\Local\Packages\PythonSoftwareFoundation.Python.3.10_qbz5n2kfra8p0\LocalCache\local-packages\Python310\site-packages\nextcord\ext\commands\bot.py", line 740, in _load_from_module_spec
    spec.loader.exec_module(lib)  # type: ignore
  File "<frozen importlib._bootstrap_external>", line 883, in exec_module
  File "<frozen importlib._bootstrap>", line 241, in _call_with_frames_removed
  File "D:\Development\Projects\tts-bot\discord-bot\src\cogs\commands\channel.py", line 7, in <module>
    class ChannelCommands(Cog):
  File "D:\Development\Projects\tts-bot\discord-bot\src\cogs\commands\channel.py", line 20, in ChannelCommands
    @channel.subcommand(name="disconnect", description="Disconnect from the voice channel", guild_ids=GUILD_IDS)
TypeError: SlashApplicationCommand.subcommand() got an unexpected keyword argument 'guild_ids'

The above exception was the direct cause of the following exception:

Traceback (most recent call last):
  File "D:\Development\Projects\tts-bot\discord-bot\src\main.py", line 33, in main
    bot.load_extension(cog)
  File "C:\Users\perei\AppData\Local\Packages\PythonSoftwareFoundation.Python.3.10_qbz5n2kfra8p0\LocalCache\local-packages\Python310\site-packages\nextcord\ext\commands\bot.py", line 862, in load_extension
    self._load_from_module_spec(spec, name, extras=extras)
  File "C:\Users\perei\AppData\Local\Packages\PythonSoftwareFoundation.Python.3.10_qbz5n2kfra8p0\LocalCache\local-packages\Python310\site-packages\nextcord\ext\commands\bot.py", line 743, in _load_from_module_spec
    raise errors.ExtensionFailed(key, e) from e
nextcord.ext.commands.errors.ExtensionFailed: Extension 'cogs.commands.channel' raised an error: TypeError: SlashApplicationCommand.subcommand() got an unexpected keyword argument 'guild_ids'

2024-12-16 02:25:42,233:ERROR:bot: Extension 'cogs.commands.tts' raised an error: ModuleNotFoundError: No module named 'channel'
2024-12-16 02:25:42,233:ERROR:bot: Traceback (most recent call last):
  File "C:\Users\perei\AppData\Local\Packages\PythonSoftwareFoundation.Python.3.10_qbz5n2kfra8p0\LocalCache\local-packages\Python310\site-packages\nextcord\ext\commands\bot.py", line 740, in _load_from_module_spec
    spec.loader.exec_module(lib)  # type: ignore
  File "<frozen importlib._bootstrap_external>", line 883, in exec_module
  File "<frozen importlib._bootstrap>", line 241, in _call_with_frames_removed
  File "D:\Development\Projects\tts-bot\discord-bot\src\cogs\commands\tts.py", line 4, in <module>
    from channel import *
ModuleNotFoundError: No module named 'channel'

The above exception was the direct cause of the following exception:

Traceback (most recent call last):
  File "D:\Development\Projects\tts-bot\discord-bot\src\main.py", line 33, in main
    bot.load_extension(cog)
  File "C:\Users\perei\AppData\Local\Packages\PythonSoftwareFoundation.Python.3.10_qbz5n2kfra8p0\LocalCache\local-packages\Python310\site-packages\nextcord\ext\commands\bot.py", line 862, in load_extension
    self._load_from_module_spec(spec, name, extras=extras)
  File "C:\Users\perei\AppData\Local\Packages\PythonSoftwareFoundation.Python.3.10_qbz5n2kfra8p0\LocalCache\local-packages\Python310\site-packages\nextcord\ext\commands\bot.py", line 743, in _load_from_module_spec
    raise errors.ExtensionFailed(key, e) from e
nextcord.ext.commands.errors.ExtensionFailed: Extension 'cogs.commands.tts' raised an error: ModuleNotFoundError: No module named 'channel'

2024-12-16 02:25:45,120:INFO:bot: We have logged in as FeinTTS#5221
2024-12-16 02:26:00,953:INFO:bot: Changes detected, reloading 1 cogs
2024-12-16 02:26:00,954:WARNING:bot: Failed to reload cogs.commands.tts: Extension 'cogs.commands.tts' has not been loaded.
2024-12-16 02:26:03,204:ERROR:bot: Extension 'cogs.commands.channel' raised an error: TypeError: SlashApplicationCommand.subcommand() got an unexpected keyword argument 'guild_ids'
2024-12-16 02:26:03,206:ERROR:bot: Traceback (most recent call last):
  File "C:\Users\perei\AppData\Local\Packages\PythonSoftwareFoundation.Python.3.10_qbz5n2kfra8p0\LocalCache\local-packages\Python310\site-packages\nextcord\ext\commands\bot.py", line 740, in _load_from_module_spec
    spec.loader.exec_module(lib)  # type: ignore
  File "<frozen importlib._bootstrap_external>", line 883, in exec_module
  File "<frozen importlib._bootstrap>", line 241, in _call_with_frames_removed
  File "D:\Development\Projects\tts-bot\discord-bot\src\cogs\commands\channel.py", line 7, in <module>
    class ChannelCommands(Cog):
  File "D:\Development\Projects\tts-bot\discord-bot\src\cogs\commands\channel.py", line 20, in ChannelCommands
    @channel.subcommand(name="disconnect", description="Disconnect from the voice channel", guild_ids=GUILD_IDS)
TypeError: SlashApplicationCommand.subcommand() got an unexpected keyword argument 'guild_ids'

The above exception was the direct cause of the following exception:

Traceback (most recent call last):
  File "D:\Development\Projects\tts-bot\discord-bot\src\main.py", line 33, in main
    bot.load_extension(cog)
  File "C:\Users\perei\AppData\Local\Packages\PythonSoftwareFoundation.Python.3.10_qbz5n2kfra8p0\LocalCache\local-packages\Python310\site-packages\nextcord\ext\commands\bot.py", line 862, in load_extension
    self._load_from_module_spec(spec, name, extras=extras)
  File "C:\Users\perei\AppData\Local\Packages\PythonSoftwareFoundation.Python.3.10_qbz5n2kfra8p0\LocalCache\local-packages\Python310\site-packages\nextcord\ext\commands\bot.py", line 743, in _load_from_module_spec
    raise errors.ExtensionFailed(key, e) from e
nextcord.ext.commands.errors.ExtensionFailed: Extension 'cogs.commands.channel' raised an error: TypeError: SlashApplicationCommand.subcommand() got an unexpected keyword argument 'guild_ids'

2024-12-16 02:26:06,088:INFO:bot: We have logged in as FeinTTS#5221
2024-12-16 02:27:20,488:INFO:bot: Changes detected, reloading 1 cogs
2024-12-16 02:27:20,489:WARNING:bot: Failed to reload cogs.commands.channel: Extension 'cogs.commands.channel' has not been loaded.
2024-12-16 02:27:25,579:INFO:bot: We have logged in as FeinTTS#5221
2024-12-16 02:27:35,444:INFO:bot: Changes detected, reloading 1 cogs
2024-12-16 02:27:35,454:WARNING:bot: Failed to reload cogs.commands.tts: Extension 'cogs.commands.tts' raised an error: ModuleNotFoundError: No module named 'channel'
2024-12-16 02:27:38,115:ERROR:bot: Extension 'cogs.commands.tts' raised an error: ModuleNotFoundError: No module named 'channel'
2024-12-16 02:27:38,116:ERROR:bot: Traceback (most recent call last):
  File "C:\Users\perei\AppData\Local\Packages\PythonSoftwareFoundation.Python.3.10_qbz5n2kfra8p0\LocalCache\local-packages\Python310\site-packages\nextcord\ext\commands\bot.py", line 740, in _load_from_module_spec
    spec.loader.exec_module(lib)  # type: ignore
  File "<frozen importlib._bootstrap_external>", line 883, in exec_module
  File "<frozen importlib._bootstrap>", line 241, in _call_with_frames_removed
  File "D:\Development\Projects\tts-bot\discord-bot\src\cogs\commands\tts.py", line 4, in <module>
    from channel import *
ModuleNotFoundError: No module named 'channel'

The above exception was the direct cause of the following exception:

Traceback (most recent call last):
  File "D:\Development\Projects\tts-bot\discord-bot\src\main.py", line 33, in main
    bot.load_extension(cog)
  File "C:\Users\perei\AppData\Local\Packages\PythonSoftwareFoundation.Python.3.10_qbz5n2kfra8p0\LocalCache\local-packages\Python310\site-packages\nextcord\ext\commands\bot.py", line 862, in load_extension
    self._load_from_module_spec(spec, name, extras=extras)
  File "C:\Users\perei\AppData\Local\Packages\PythonSoftwareFoundation.Python.3.10_qbz5n2kfra8p0\LocalCache\local-packages\Python310\site-packages\nextcord\ext\commands\bot.py", line 743, in _load_from_module_spec
    raise errors.ExtensionFailed(key, e) from e
nextcord.ext.commands.errors.ExtensionFailed: Extension 'cogs.commands.tts' raised an error: ModuleNotFoundError: No module named 'channel'

2024-12-16 02:27:40,989:INFO:bot: We have logged in as FeinTTS#5221
2024-12-16 02:27:59,898:INFO:bot: Changes detected, reloading 1 cogs
2024-12-16 02:27:59,899:WARNING:bot: Failed to reload cogs.commands.tts: Extension 'cogs.commands.tts' has not been loaded.
2024-12-16 02:28:07,993:ERROR:bot: Extension 'cogs.commands.tts' raised an error: ModuleNotFoundError: No module named 'channel'
2024-12-16 02:28:07,995:ERROR:bot: Traceback (most recent call last):
  File "C:\Users\perei\AppData\Local\Packages\PythonSoftwareFoundation.Python.3.10_qbz5n2kfra8p0\LocalCache\local-packages\Python310\site-packages\nextcord\ext\commands\bot.py", line 740, in _load_from_module_spec
    spec.loader.exec_module(lib)  # type: ignore
  File "<frozen importlib._bootstrap_external>", line 883, in exec_module
  File "<frozen importlib._bootstrap>", line 241, in _call_with_frames_removed
  File "D:\Development\Projects\tts-bot\discord-bot\src\cogs\commands\tts.py", line 4, in <module>
    from channel import join_channel
ModuleNotFoundError: No module named 'channel'

The above exception was the direct cause of the following exception:

Traceback (most recent call last):
  File "D:\Development\Projects\tts-bot\discord-bot\src\main.py", line 33, in main
    bot.load_extension(cog)
  File "C:\Users\perei\AppData\Local\Packages\PythonSoftwareFoundation.Python.3.10_qbz5n2kfra8p0\LocalCache\local-packages\Python310\site-packages\nextcord\ext\commands\bot.py", line 862, in load_extension
    self._load_from_module_spec(spec, name, extras=extras)
  File "C:\Users\perei\AppData\Local\Packages\PythonSoftwareFoundation.Python.3.10_qbz5n2kfra8p0\LocalCache\local-packages\Python310\site-packages\nextcord\ext\commands\bot.py", line 743, in _load_from_module_spec
    raise errors.ExtensionFailed(key, e) from e
nextcord.ext.commands.errors.ExtensionFailed: Extension 'cogs.commands.tts' raised an error: ModuleNotFoundError: No module named 'channel'

2024-12-16 02:28:10,915:INFO:bot: We have logged in as FeinTTS#5221
2024-12-16 02:29:43,336:ERROR:bot: Extension 'cogs.commands.tts' raised an error: ModuleNotFoundError: No module named 'channel'
2024-12-16 02:29:43,337:ERROR:bot: Traceback (most recent call last):
  File "C:\Users\perei\AppData\Local\Packages\PythonSoftwareFoundation.Python.3.10_qbz5n2kfra8p0\LocalCache\local-packages\Python310\site-packages\nextcord\ext\commands\bot.py", line 740, in _load_from_module_spec
    spec.loader.exec_module(lib)  # type: ignore
  File "<frozen importlib._bootstrap_external>", line 883, in exec_module
  File "<frozen importlib._bootstrap>", line 241, in _call_with_frames_removed
  File "D:\Development\Projects\tts-bot\discord-bot\src\cogs\commands\tts.py", line 4, in <module>
    from channel import join_channel
ModuleNotFoundError: No module named 'channel'

The above exception was the direct cause of the following exception:

Traceback (most recent call last):
  File "D:\Development\Projects\tts-bot\discord-bot\src\main.py", line 33, in main
    bot.load_extension(cog)
  File "C:\Users\perei\AppData\Local\Packages\PythonSoftwareFoundation.Python.3.10_qbz5n2kfra8p0\LocalCache\local-packages\Python310\site-packages\nextcord\ext\commands\bot.py", line 862, in load_extension
    self._load_from_module_spec(spec, name, extras=extras)
  File "C:\Users\perei\AppData\Local\Packages\PythonSoftwareFoundation.Python.3.10_qbz5n2kfra8p0\LocalCache\local-packages\Python310\site-packages\nextcord\ext\commands\bot.py", line 743, in _load_from_module_spec
    raise errors.ExtensionFailed(key, e) from e
nextcord.ext.commands.errors.ExtensionFailed: Extension 'cogs.commands.tts' raised an error: ModuleNotFoundError: No module named 'channel'

2024-12-16 02:29:46,394:INFO:bot: We have logged in as FeinTTS#5221
2024-12-16 02:31:51,063:INFO:bot: Changes detected, reloading 1 cogs
2024-12-16 02:31:51,064:WARNING:bot: Failed to reload cogs.commands.tts: Extension 'cogs.commands.tts' has not been loaded.
2024-12-16 02:31:57,779:INFO:bot: We have logged in as FeinTTS#5221
2024-12-16 02:32:03,570:INFO:bot: Changes detected, reloading 1 cogs
2024-12-16 02:32:03,584:WARNING:bot: Failed to reload cogs.commands.tts: Extension 'cogs.commands.tts' raised an error: ModuleNotFoundError: No module named 'join_channel'
2024-12-16 02:32:06,692:ERROR:bot: Extension 'cogs.commands.tts' raised an error: ModuleNotFoundError: No module named 'join_channel'
2024-12-16 02:32:06,693:ERROR:bot: Traceback (most recent call last):
  File "C:\Users\perei\AppData\Local\Packages\PythonSoftwareFoundation.Python.3.10_qbz5n2kfra8p0\LocalCache\local-packages\Python310\site-packages\nextcord\ext\commands\bot.py", line 740, in _load_from_module_spec
    spec.loader.exec_module(lib)  # type: ignore
  File "<frozen importlib._bootstrap_external>", line 883, in exec_module
  File "<frozen importlib._bootstrap>", line 241, in _call_with_frames_removed
  File "D:\Development\Projects\tts-bot\discord-bot\src\cogs\commands\tts.py", line 4, in <module>
    import join_channel
ModuleNotFoundError: No module named 'join_channel'

The above exception was the direct cause of the following exception:

Traceback (most recent call last):
  File "D:\Development\Projects\tts-bot\discord-bot\src\main.py", line 33, in main
    bot.load_extension(cog)
  File "C:\Users\perei\AppData\Local\Packages\PythonSoftwareFoundation.Python.3.10_qbz5n2kfra8p0\LocalCache\local-packages\Python310\site-packages\nextcord\ext\commands\bot.py", line 862, in load_extension
    self._load_from_module_spec(spec, name, extras=extras)
  File "C:\Users\perei\AppData\Local\Packages\PythonSoftwareFoundation.Python.3.10_qbz5n2kfra8p0\LocalCache\local-packages\Python310\site-packages\nextcord\ext\commands\bot.py", line 743, in _load_from_module_spec
    raise errors.ExtensionFailed(key, e) from e
nextcord.ext.commands.errors.ExtensionFailed: Extension 'cogs.commands.tts' raised an error: ModuleNotFoundError: No module named 'join_channel'

2024-12-16 02:32:09,511:INFO:bot: We have logged in as FeinTTS#5221
